{
  "RSpec": {
    "coverage": {
      "/Users/robertjones/Projects/tech_tests/bank/spec/account_spec.rb": [
        1,
        null,
        1,
        4,
        null,
        1,
        1,
        1,
        null,
        null,
        null,
        1,
        1,
        4,
        null,
        null,
        null,
        1,
        1,
        4,
        null,
        null,
        null
      ],
      "/Users/robertjones/Projects/tech_tests/bank/lib/account.rb": [
        1,
        null,
        1,
        null,
        1,
        3,
        null,
        null,
        1,
        5,
        null,
        null,
        1,
        1,
        null,
        null,
        1,
        1,
        null,
        null,
        1,
        null,
        1,
        null,
        null
      ]
    },
    "timestamp": 1497275373
  }
}
