{
  "RSpec": {
    "coverage": {
      "/Users/robertjones/Projects/tech_tests/bank/spec/account_spec.rb": [
        1,
        null,
        1,
        8,
        2,
        null,
        1,
        1,
        1,
        null,
        null,
        null,
        1,
        1,
        4,
        null,
        null,
        1,
        1,
        1,
        null,
        null,
        null,
        1,
        1,
        1,
        4,
        null,
        null,
        null,
        1,
        2,
        null,
        1,
        1,
        2,
        null,
        null,
        null,
        1,
        2,
        null,
        null
      ],
      "/Users/robertjones/Projects/tech_tests/bank/lib/account.rb": [
        1,
        null,
        1,
        null,
        1,
        null,
        1,
        8,
        8,
        null,
        null,
        1,
        5,
        null,
        null,
        1,
        4,
        null,
        null,
        1,
        1,
        null,
        null,
        1,
        2,
        null,
        null,
        1,
        null,
        1,
        null,
        1,
        5,
        9,
        5,
        null,
        null,
        null
      ],
      "/Users/robertjones/Projects/tech_tests/bank/lib/transaction.rb": [
        1,
        null,
        1,
        null,
        1,
        7,
        7,
        null,
        null
      ],
      "/Users/robertjones/Projects/tech_tests/bank/spec/features_spec.rb": [
        1,
        null,
        1,
        1,
        null,
        1,
        1,
        1,
        2,
        null,
        null,
        null
      ],
      "/Users/robertjones/Projects/tech_tests/bank/spec/transaction_spec.rb": [
        1,
        null,
        1,
        3,
        null,
        1,
        1,
        1,
        null,
        null,
        null,
        1,
        1,
        1,
        null,
        null,
        null
      ]
    },
    "timestamp": 1497284680
  }
}
